{"C:\\Users\\admin\\Desktop\\READMART\\src\\api\\partnerships.ts": {"path":"C:\\Users\\admin\\Desktop\\READMART\\src\\api\\partnerships.ts","statementMap":{"0":{"start":{"line":6,"column":37},"end":{"line":14,"column":null}},"1":{"start":{"line":16,"column":36},"end":{"line":28,"column":null}},"2":{"start":{"line":39,"column":2},"end":{"line":46,"column":null}},"3":{"start":{"line":40,"column":21},"end":{"line":40,"column":null}},"4":{"start":{"line":41,"column":4},"end":{"line":41,"column":null}},"5":{"start":{"line":41,"column":22},"end":{"line":41,"column":null}},"6":{"start":{"line":42,"column":4},"end":{"line":42,"column":null}},"7":{"start":{"line":44,"column":4},"end":{"line":44,"column":null}},"8":{"start":{"line":45,"column":4},"end":{"line":45,"column":null}},"9":{"start":{"line":53,"column":2},"end":{"line":60,"column":null}},"10":{"start":{"line":54,"column":21},"end":{"line":54,"column":null}},"11":{"start":{"line":55,"column":4},"end":{"line":55,"column":null}},"12":{"start":{"line":55,"column":22},"end":{"line":55,"column":null}},"13":{"start":{"line":56,"column":4},"end":{"line":56,"column":null}},"14":{"start":{"line":58,"column":4},"end":{"line":58,"column":null}},"15":{"start":{"line":59,"column":4},"end":{"line":59,"column":null}},"16":{"start":{"line":69,"column":2},"end":{"line":91,"column":null}},"17":{"start":{"line":70,"column":34},"end":{"line":70,"column":null}},"18":{"start":{"line":71,"column":26},"end":{"line":71,"column":null}},"19":{"start":{"line":73,"column":21},"end":{"line":80,"column":null}},"20":{"start":{"line":82,"column":4},"end":{"line":85,"column":null}},"21":{"start":{"line":83,"column":20},"end":{"line":83,"column":null}},"22":{"start":{"line":84,"column":6},"end":{"line":84,"column":null}},"23":{"start":{"line":87,"column":4},"end":{"line":87,"column":null}},"24":{"start":{"line":89,"column":4},"end":{"line":89,"column":null}},"25":{"start":{"line":90,"column":4},"end":{"line":90,"column":null}},"26":{"start":{"line":98,"column":2},"end":{"line":119,"column":null}},"27":{"start":{"line":99,"column":34},"end":{"line":99,"column":null}},"28":{"start":{"line":101,"column":21},"end":{"line":108,"column":null}},"29":{"start":{"line":110,"column":4},"end":{"line":113,"column":null}},"30":{"start":{"line":111,"column":20},"end":{"line":111,"column":null}},"31":{"start":{"line":112,"column":6},"end":{"line":112,"column":null}},"32":{"start":{"line":115,"column":4},"end":{"line":115,"column":null}},"33":{"start":{"line":117,"column":4},"end":{"line":117,"column":null}},"34":{"start":{"line":118,"column":4},"end":{"line":118,"column":null}},"35":{"start":{"line":126,"column":2},"end":{"line":151,"column":null}},"36":{"start":{"line":127,"column":34},"end":{"line":127,"column":null}},"37":{"start":{"line":128,"column":26},"end":{"line":128,"column":null}},"38":{"start":{"line":130,"column":16},"end":{"line":130,"column":null}},"39":{"start":{"line":131,"column":19},"end":{"line":131,"column":null}},"40":{"start":{"line":133,"column":21},"end":{"line":140,"column":null}},"41":{"start":{"line":142,"column":4},"end":{"line":145,"column":null}},"42":{"start":{"line":143,"column":20},"end":{"line":143,"column":null}},"43":{"start":{"line":144,"column":6},"end":{"line":144,"column":null}},"44":{"start":{"line":147,"column":4},"end":{"line":147,"column":null}},"45":{"start":{"line":149,"column":4},"end":{"line":149,"column":null}},"46":{"start":{"line":150,"column":4},"end":{"line":150,"column":null}},"47":{"start":{"line":158,"column":2},"end":{"line":177,"column":null}},"48":{"start":{"line":159,"column":34},"end":{"line":159,"column":null}},"49":{"start":{"line":161,"column":21},"end":{"line":166,"column":null}},"50":{"start":{"line":168,"column":4},"end":{"line":171,"column":null}},"51":{"start":{"line":169,"column":20},"end":{"line":169,"column":null}},"52":{"start":{"line":170,"column":6},"end":{"line":170,"column":null}},"53":{"start":{"line":173,"column":4},"end":{"line":173,"column":null}},"54":{"start":{"line":175,"column":4},"end":{"line":175,"column":null}},"55":{"start":{"line":176,"column":4},"end":{"line":176,"column":null}}},"fnMap":{"0":{"name":"getPartnershipTiers","decl":{"start":{"line":38,"column":22},"end":{"line":38,"column":44}},"loc":{"start":{"line":38,"column":44},"end":{"line":47,"column":null}},"line":38},"1":{"name":"getPartners","decl":{"start":{"line":52,"column":22},"end":{"line":52,"column":36}},"loc":{"start":{"line":52,"column":36},"end":{"line":61,"column":null}},"line":52},"2":{"name":"createPartnershipTier","decl":{"start":{"line":68,"column":22},"end":{"line":68,"column":44}},"loc":{"start":{"line":68,"column":93},"end":{"line":92,"column":null}},"line":68},"3":{"name":"updatePartnershipTier","decl":{"start":{"line":97,"column":22},"end":{"line":97,"column":44}},"loc":{"start":{"line":97,"column":114},"end":{"line":120,"column":null}},"line":97},"4":{"name":"managePartner","decl":{"start":{"line":125,"column":22},"end":{"line":125,"column":36}},"loc":{"start":{"line":125,"column":106},"end":{"line":152,"column":null}},"line":125},"5":{"name":"deletePartnershipTier","decl":{"start":{"line":157,"column":22},"end":{"line":157,"column":44}},"loc":{"start":{"line":157,"column":56},"end":{"line":178,"column":null}},"line":157}},"branchMap":{"0":{"loc":{"start":{"line":41,"column":4},"end":{"line":41,"column":null}},"type":"if","locations":[{"start":{"line":41,"column":4},"end":{"line":41,"column":null}},{"start":{},"end":{}}],"line":41},"1":{"loc":{"start":{"line":55,"column":4},"end":{"line":55,"column":null}},"type":"if","locations":[{"start":{"line":55,"column":4},"end":{"line":55,"column":null}},{"start":{},"end":{}}],"line":55},"2":{"loc":{"start":{"line":82,"column":4},"end":{"line":85,"column":null}},"type":"if","locations":[{"start":{"line":82,"column":4},"end":{"line":85,"column":null}},{"start":{},"end":{}}],"line":82},"3":{"loc":{"start":{"line":84,"column":22},"end":{"line":84,"column":62}},"type":"binary-expr","locations":[{"start":{"line":84,"column":22},"end":{"line":84,"column":39}},{"start":{"line":84,"column":39},"end":{"line":84,"column":62}}],"line":84},"4":{"loc":{"start":{"line":110,"column":4},"end":{"line":113,"column":null}},"type":"if","locations":[{"start":{"line":110,"column":4},"end":{"line":113,"column":null}},{"start":{},"end":{}}],"line":110},"5":{"loc":{"start":{"line":112,"column":22},"end":{"line":112,"column":62}},"type":"binary-expr","locations":[{"start":{"line":112,"column":22},"end":{"line":112,"column":39}},{"start":{"line":112,"column":39},"end":{"line":112,"column":62}}],"line":112},"6":{"loc":{"start":{"line":130,"column":16},"end":{"line":130,"column":null}},"type":"cond-expr","locations":[{"start":{"line":130,"column":21},"end":{"line":130,"column":52}},{"start":{"line":130,"column":52},"end":{"line":130,"column":null}}],"line":130},"7":{"loc":{"start":{"line":131,"column":19},"end":{"line":131,"column":null}},"type":"cond-expr","locations":[{"start":{"line":131,"column":24},"end":{"line":131,"column":32}},{"start":{"line":131,"column":32},"end":{"line":131,"column":null}}],"line":131},"8":{"loc":{"start":{"line":142,"column":4},"end":{"line":145,"column":null}},"type":"if","locations":[{"start":{"line":142,"column":4},"end":{"line":145,"column":null}},{"start":{},"end":{}}],"line":142},"9":{"loc":{"start":{"line":144,"column":22},"end":{"line":144,"column":65}},"type":"binary-expr","locations":[{"start":{"line":144,"column":22},"end":{"line":144,"column":39}},{"start":{"line":144,"column":39},"end":{"line":144,"column":65}}],"line":144},"10":{"loc":{"start":{"line":168,"column":4},"end":{"line":171,"column":null}},"type":"if","locations":[{"start":{"line":168,"column":4},"end":{"line":171,"column":null}},{"start":{},"end":{}}],"line":168},"11":{"loc":{"start":{"line":170,"column":22},"end":{"line":170,"column":62}},"type":"binary-expr","locations":[{"start":{"line":170,"column":22},"end":{"line":170,"column":39}},{"start":{"line":170,"column":39},"end":{"line":170,"column":62}}],"line":170}},"s":{"0":1,"1":1,"2":2,"3":2,"4":2,"5":1,"6":1,"7":1,"8":1,"9":2,"10":2,"11":2,"12":1,"13":1,"14":1,"15":1,"16":1,"17":1,"18":1,"19":1,"20":1,"21":0,"22":0,"23":1,"24":0,"25":0,"26":1,"27":1,"28":1,"29":1,"30":0,"31":0,"32":1,"33":0,"34":0,"35":3,"36":3,"37":3,"38":3,"39":3,"40":3,"41":3,"42":1,"43":1,"44":2,"45":1,"46":1,"47":2,"48":2,"49":2,"50":2,"51":1,"52":1,"53":1,"54":1,"55":1},"f":{"0":2,"1":2,"2":1,"3":1,"4":3,"5":2},"b":{"0":[1,1],"1":[1,1],"2":[0,1],"3":[0,0],"4":[0,1],"5":[0,0],"6":[2,1],"7":[2,1],"8":[1,2],"9":[1,0],"10":[1,1],"11":[1,0]},"meta":{"lastBranch":12,"lastFunction":6,"lastStatement":56,"seen":{"s:6:37:14:Infinity":0,"s:16:36:28:Infinity":1,"f:38:22:38:44":0,"s:39:2:46:Infinity":2,"s:40:21:40:Infinity":3,"b:41:4:41:Infinity:undefined:undefined:undefined:undefined":0,"s:41:4:41:Infinity":4,"s:41:22:41:Infinity":5,"s:42:4:42:Infinity":6,"s:44:4:44:Infinity":7,"s:45:4:45:Infinity":8,"f:52:22:52:36":1,"s:53:2:60:Infinity":9,"s:54:21:54:Infinity":10,"b:55:4:55:Infinity:undefined:undefined:undefined:undefined":1,"s:55:4:55:Infinity":11,"s:55:22:55:Infinity":12,"s:56:4:56:Infinity":13,"s:58:4:58:Infinity":14,"s:59:4:59:Infinity":15,"f:68:22:68:44":2,"s:69:2:91:Infinity":16,"s:70:34:70:Infinity":17,"s:71:26:71:Infinity":18,"s:73:21:80:Infinity":19,"b:82:4:85:Infinity:undefined:undefined:undefined:undefined":2,"s:82:4:85:Infinity":20,"s:83:20:83:Infinity":21,"s:84:6:84:Infinity":22,"b:84:22:84:39:84:39:84:62":3,"s:87:4:87:Infinity":23,"s:89:4:89:Infinity":24,"s:90:4:90:Infinity":25,"f:97:22:97:44":3,"s:98:2:119:Infinity":26,"s:99:34:99:Infinity":27,"s:101:21:108:Infinity":28,"b:110:4:113:Infinity:undefined:undefined:undefined:undefined":4,"s:110:4:113:Infinity":29,"s:111:20:111:Infinity":30,"s:112:6:112:Infinity":31,"b:112:22:112:39:112:39:112:62":5,"s:115:4:115:Infinity":32,"s:117:4:117:Infinity":33,"s:118:4:118:Infinity":34,"f:125:22:125:36":4,"s:126:2:151:Infinity":35,"s:127:34:127:Infinity":36,"s:128:26:128:Infinity":37,"s:130:16:130:Infinity":38,"b:130:21:130:52:130:52:130:Infinity":6,"s:131:19:131:Infinity":39,"b:131:24:131:32:131:32:131:Infinity":7,"s:133:21:140:Infinity":40,"b:142:4:145:Infinity:undefined:undefined:undefined:undefined":8,"s:142:4:145:Infinity":41,"s:143:20:143:Infinity":42,"s:144:6:144:Infinity":43,"b:144:22:144:39:144:39:144:65":9,"s:147:4:147:Infinity":44,"s:149:4:149:Infinity":45,"s:150:4:150:Infinity":46,"f:157:22:157:44":5,"s:158:2:177:Infinity":47,"s:159:34:159:Infinity":48,"s:161:21:166:Infinity":49,"b:168:4:171:Infinity:undefined:undefined:undefined:undefined":10,"s:168:4:171:Infinity":50,"s:169:20:169:Infinity":51,"s:170:6:170:Infinity":52,"b:170:22:170:39:170:39:170:62":11,"s:173:4:173:Infinity":53,"s:175:4:175:Infinity":54,"s:176:4:176:Infinity":55}}}
}
